{
  "RSpec": {
    "coverage": {
      "/Users/FayeCarter/Documents/Makers_Academy/Week_4/Bookmark/bookmark.rb": {
        "lines": [
          1,
          null,
          1,
          1,
          0,
          null,
          null,
          1,
          0,
          null,
          null,
          null,
          1,
          null
        ]
      },
      "/Users/FayeCarter/Documents/Makers_Academy/Week_4/Bookmark/spec/bookmark_spec.rb": {
        "lines": [
          1,
          null,
          0,
          0,
          null,
          null,
          null
        ]
      },
      "/Users/FayeCarter/Documents/Makers_Academy/Week_4/Bookmark/spec/features/test_bookmark_spec.rb": {
        "lines": [
          1,
          1,
          0,
          0,
          null,
          null
        ]
      },
      "/Users/FayeCarter/Documents/Makers_Academy/Week_4/Bookmark/spec/features/view_bookmarks_spec.rb": {
        "lines": [
          1,
          1,
          0,
          0,
          null,
          null
        ]
      }
    },
    "timestamp": 1586182200
  }
}
